ARM GAS  C:\Users\ajs5433\AppData\Local\Temp\ccd7nKFP.s 			page 1


   1              		.syntax unified
   2              		.cpu cortex-m3
   3              		.fpu softvfp
   4              		.eabi_attribute 20, 1
   5              		.eabi_attribute 21, 1
   6              		.eabi_attribute 23, 3
   7              		.eabi_attribute 24, 1
   8              		.eabi_attribute 25, 1
   9              		.eabi_attribute 26, 1
  10              		.eabi_attribute 30, 6
  11              		.eabi_attribute 34, 1
  12              		.eabi_attribute 18, 4
  13              		.thumb
  14              		.file	"iprintf.c"
  15              		.text
  16              	.Ltext0:
  17              		.cfi_sections	.debug_frame
  18              		.section	.text.iputc,"ax",%progbits
  19              		.align	2
  20              		.thumb
  21              		.thumb_func
  22              		.type	iputc, %function
  23              	iputc:
  24              	.LFB56:
  25              		.file 1 ".\\iprintf.c"
   1:.\iprintf.c   **** /******************************************************************************
   2:.\iprintf.c   **** *This file is for iprintf()
   3:.\iprintf.c   **** *The iprintf() is a simple printf() and only can print string with %s,%d,%c,%x.
   4:.\iprintf.c   **** *******************************************************************************/
   5:.\iprintf.c   **** #include "iprintf.h"
   6:.\iprintf.c   **** 
   7:.\iprintf.c   **** static void iputc(char8 ch)
   8:.\iprintf.c   **** {
  26              		.loc 1 8 0
  27              		.cfi_startproc
  28              		@ args = 0, pretend = 0, frame = 8
  29              		@ frame_needed = 1, uses_anonymous_args = 0
  30 0000 80B5     		push	{r7, lr}
  31              	.LCFI0:
  32              		.cfi_def_cfa_offset 8
  33              		.cfi_offset 7, -8
  34              		.cfi_offset 14, -4
  35 0002 82B0     		sub	sp, sp, #8
  36              	.LCFI1:
  37              		.cfi_def_cfa_offset 16
  38 0004 00AF     		add	r7, sp, #0
  39              	.LCFI2:
  40              		.cfi_def_cfa_register 7
  41 0006 0346     		mov	r3, r0
  42 0008 FB71     		strb	r3, [r7, #7]
   9:.\iprintf.c   **** 	/*This function has to be replaced by user*/	
  10:.\iprintf.c   **** 	SCB_1_UartPutChar(ch);
  43              		.loc 1 10 0
  44 000a FB79     		ldrb	r3, [r7, #7]	@ zero_extendqisi2
  45 000c 1846     		mov	r0, r3
  46 000e FFF7FEFF 		bl	SCB_1_UartPutChar
  11:.\iprintf.c   **** }
ARM GAS  C:\Users\ajs5433\AppData\Local\Temp\ccd7nKFP.s 			page 2


  47              		.loc 1 11 0
  48 0012 07F10807 		add	r7, r7, #8
  49 0016 BD46     		mov	sp, r7
  50 0018 80BD     		pop	{r7, pc}
  51              		.cfi_endproc
  52              	.LFE56:
  53              		.size	iputc, .-iputc
  54 001a 00BF     		.section	.rodata
  55              		.align	2
  56              	.LC0:
  57 0000 30313233 		.ascii	"0123456789abcdef\000"
  57      34353637 
  57      38396162 
  57      63646566 
  57      00
  58 0011 000000   		.section	.text.change,"ax",%progbits
  59              		.align	2
  60              		.thumb
  61              		.thumb_func
  62              		.type	change, %function
  63              	change:
  64              	.LFB57:
  12:.\iprintf.c   **** 
  13:.\iprintf.c   **** static uint8* change(uint32 Index)
  14:.\iprintf.c   **** {
  65              		.loc 1 14 0
  66              		.cfi_startproc
  67              		@ args = 0, pretend = 0, frame = 8
  68              		@ frame_needed = 1, uses_anonymous_args = 0
  69              		@ link register save eliminated.
  70 0000 80B4     		push	{r7}
  71              	.LCFI3:
  72              		.cfi_def_cfa_offset 4
  73              		.cfi_offset 7, -4
  74 0002 83B0     		sub	sp, sp, #12
  75              	.LCFI4:
  76              		.cfi_def_cfa_offset 16
  77 0004 00AF     		add	r7, sp, #0
  78              	.LCFI5:
  79              		.cfi_def_cfa_register 7
  80 0006 7860     		str	r0, [r7, #4]
  15:.\iprintf.c   ****     return (uint8*)("0123456789abcdef"+Index);
  81              		.loc 1 15 0
  82 0008 7A68     		ldr	r2, [r7, #4]
  83 000a 40F20003 		movw	r3, #:lower16:.LC0
  84 000e C0F20003 		movt	r3, #:upper16:.LC0
  85 0012 D318     		adds	r3, r2, r3
  16:.\iprintf.c   **** }
  86              		.loc 1 16 0
  87 0014 1846     		mov	r0, r3
  88 0016 07F10C07 		add	r7, r7, #12
  89 001a BD46     		mov	sp, r7
  90 001c 80BC     		pop	{r7}
  91 001e 7047     		bx	lr
  92              		.cfi_endproc
  93              	.LFE57:
  94              		.size	change, .-change
ARM GAS  C:\Users\ajs5433\AppData\Local\Temp\ccd7nKFP.s 			page 3


  95              		.section	.text.iprintf,"ax",%progbits
  96              		.align	2
  97              		.global	iprintf
  98              		.thumb
  99              		.thumb_func
 100              		.type	iprintf, %function
 101              	iprintf:
 102              	.LFB58:
  17:.\iprintf.c   **** 
  18:.\iprintf.c   **** 
  19:.\iprintf.c   **** void iprintf(char8 *pszFmt,...)
  20:.\iprintf.c   **** {
 103              		.loc 1 20 0
 104              		.cfi_startproc
 105              		@ args = 4, pretend = 16, frame = 80
 106              		@ frame_needed = 1, uses_anonymous_args = 1
 107 0000 0FB4     		push	{r0, r1, r2, r3}
 108              	.LCFI6:
 109              		.cfi_def_cfa_offset 16
 110              		.cfi_offset 0, -16
 111              		.cfi_offset 1, -12
 112              		.cfi_offset 2, -8
 113              		.cfi_offset 3, -4
 114 0002 80B5     		push	{r7, lr}
 115              	.LCFI7:
 116              		.cfi_def_cfa_offset 24
 117              		.cfi_offset 7, -24
 118              		.cfi_offset 14, -20
 119 0004 94B0     		sub	sp, sp, #80
 120              	.LCFI8:
 121              		.cfi_def_cfa_offset 104
 122 0006 00AF     		add	r7, sp, #0
 123              	.LCFI9:
 124              		.cfi_def_cfa_register 7
  21:.\iprintf.c   ****     uint8 *pszVal;
  22:.\iprintf.c   ****     uint32 iVal, xVal, i = 0, buffer[12], index = 1;
 125              		.loc 1 22 0
 126 0008 4FF00003 		mov	r3, #0
 127 000c 3B64     		str	r3, [r7, #64]
 128 000e 4FF00103 		mov	r3, #1
 129 0012 FB63     		str	r3, [r7, #60]
  23:.\iprintf.c   ****     uint8 cVal;
  24:.\iprintf.c   ****     uint32 *pArg;
  25:.\iprintf.c   ****     pArg =(uint32 *)&pszFmt;
 130              		.loc 1 25 0
 131 0014 07F15801 		add	r1, r7, #88
 132 0018 B963     		str	r1, [r7, #56]
  26:.\iprintf.c   **** 
  27:.\iprintf.c   ****     while(*pszFmt)
 133              		.loc 1 27 0
 134 001a 11E1     		b	.L5
 135              	.L22:
  28:.\iprintf.c   ****     {
  29:.\iprintf.c   ****         if('%' != *pszFmt)
 136              		.loc 1 29 0
 137 001c BB6D     		ldr	r3, [r7, #88]
 138 001e 1B78     		ldrb	r3, [r3, #0]	@ zero_extendqisi2
ARM GAS  C:\Users\ajs5433\AppData\Local\Temp\ccd7nKFP.s 			page 4


 139 0020 252B     		cmp	r3, #37
 140 0022 09D0     		beq	.L6
  30:.\iprintf.c   ****         {
  31:.\iprintf.c   ****             iputc(*pszFmt);
 141              		.loc 1 31 0
 142 0024 BB6D     		ldr	r3, [r7, #88]
 143 0026 1B78     		ldrb	r3, [r3, #0]	@ zero_extendqisi2
 144 0028 1846     		mov	r0, r3
 145 002a FFF7FEFF 		bl	iputc
  32:.\iprintf.c   ****             pszFmt++;
 146              		.loc 1 32 0
 147 002e BB6D     		ldr	r3, [r7, #88]
 148 0030 03F10103 		add	r3, r3, #1
 149 0034 BB65     		str	r3, [r7, #88]
  33:.\iprintf.c   ****             continue;
 150              		.loc 1 33 0
 151 0036 03E1     		b	.L5
 152              	.L6:
  34:.\iprintf.c   ****         }
  35:.\iprintf.c   ****         pszFmt++;
 153              		.loc 1 35 0
 154 0038 BB6D     		ldr	r3, [r7, #88]
 155 003a 03F10103 		add	r3, r3, #1
 156 003e BB65     		str	r3, [r7, #88]
  36:.\iprintf.c   **** 
  37:.\iprintf.c   ****         if(*pszFmt == 's')
 157              		.loc 1 37 0
 158 0040 BB6D     		ldr	r3, [r7, #88]
 159 0042 1B78     		ldrb	r3, [r3, #0]	@ zero_extendqisi2
 160 0044 732B     		cmp	r3, #115
 161 0046 1DD1     		bne	.L7
  38:.\iprintf.c   ****         {
  39:.\iprintf.c   ****             pszVal = (uint8*)pArg[index++];
 162              		.loc 1 39 0
 163 0048 FB6B     		ldr	r3, [r7, #60]
 164 004a 4FEA8303 		lsl	r3, r3, #2
 165 004e BA6B     		ldr	r2, [r7, #56]
 166 0050 D318     		adds	r3, r2, r3
 167 0052 1B68     		ldr	r3, [r3, #0]
 168 0054 FB64     		str	r3, [r7, #76]
 169 0056 FB6B     		ldr	r3, [r7, #60]
 170 0058 03F10103 		add	r3, r3, #1
 171 005c FB63     		str	r3, [r7, #60]
  40:.\iprintf.c   ****             for(; *pszVal != '\0'; pszVal++)
 172              		.loc 1 40 0
 173 005e 08E0     		b	.L8
 174              	.L9:
  41:.\iprintf.c   ****                 iputc(*pszVal);
 175              		.loc 1 41 0 discriminator 2
 176 0060 FB6C     		ldr	r3, [r7, #76]
 177 0062 1B78     		ldrb	r3, [r3, #0]	@ zero_extendqisi2
 178 0064 1846     		mov	r0, r3
 179 0066 FFF7FEFF 		bl	iputc
  40:.\iprintf.c   ****             for(; *pszVal != '\0'; pszVal++)
 180              		.loc 1 40 0 discriminator 2
 181 006a FB6C     		ldr	r3, [r7, #76]
 182 006c 03F10103 		add	r3, r3, #1
ARM GAS  C:\Users\ajs5433\AppData\Local\Temp\ccd7nKFP.s 			page 5


 183 0070 FB64     		str	r3, [r7, #76]
 184              	.L8:
  40:.\iprintf.c   ****             for(; *pszVal != '\0'; pszVal++)
 185              		.loc 1 40 0 is_stmt 0 discriminator 1
 186 0072 FB6C     		ldr	r3, [r7, #76]
 187 0074 1B78     		ldrb	r3, [r3, #0]	@ zero_extendqisi2
 188 0076 002B     		cmp	r3, #0
 189 0078 F2D1     		bne	.L9
  42:.\iprintf.c   ****             pszFmt++;
 190              		.loc 1 42 0 is_stmt 1
 191 007a BB6D     		ldr	r3, [r7, #88]
 192 007c 03F10103 		add	r3, r3, #1
 193 0080 BB65     		str	r3, [r7, #88]
  43:.\iprintf.c   ****             continue;
 194              		.loc 1 43 0
 195 0082 DDE0     		b	.L5
 196              	.L7:
  44:.\iprintf.c   ****         }
  45:.\iprintf.c   ****         if(*pszFmt == 'd')
 197              		.loc 1 45 0
 198 0084 BB6D     		ldr	r3, [r7, #88]
 199 0086 1B78     		ldrb	r3, [r3, #0]	@ zero_extendqisi2
 200 0088 642B     		cmp	r3, #100
 201 008a 53D1     		bne	.L10
  46:.\iprintf.c   ****         {
  47:.\iprintf.c   ****             iVal = pArg[index++];
 202              		.loc 1 47 0
 203 008c FB6B     		ldr	r3, [r7, #60]
 204 008e 4FEA8303 		lsl	r3, r3, #2
 205 0092 BA6B     		ldr	r2, [r7, #56]
 206 0094 D318     		adds	r3, r2, r3
 207 0096 1B68     		ldr	r3, [r3, #0]
 208 0098 BB64     		str	r3, [r7, #72]
 209 009a FB6B     		ldr	r3, [r7, #60]
 210 009c 03F10103 		add	r3, r3, #1
 211 00a0 FB63     		str	r3, [r7, #60]
  48:.\iprintf.c   ****             i = 0;
 212              		.loc 1 48 0
 213 00a2 4FF00003 		mov	r3, #0
 214 00a6 3B64     		str	r3, [r7, #64]
 215              	.L11:
  49:.\iprintf.c   ****             do{
  50:.\iprintf.c   ****                 buffer[i++] = iVal % 10;
 216              		.loc 1 50 0 discriminator 1
 217 00a8 B96C     		ldr	r1, [r7, #72]
 218 00aa 4CF6CD43 		movw	r3, #52429
 219 00ae CCF6CC43 		movt	r3, 52428
 220 00b2 A3FB0123 		umull	r2, r3, r3, r1
 221 00b6 4FEAD302 		lsr	r2, r3, #3
 222 00ba 1346     		mov	r3, r2
 223 00bc 4FEA8303 		lsl	r3, r3, #2
 224 00c0 9B18     		adds	r3, r3, r2
 225 00c2 4FEA4303 		lsl	r3, r3, #1
 226 00c6 CA1A     		subs	r2, r1, r3
 227 00c8 3B6C     		ldr	r3, [r7, #64]
 228 00ca 4FEA8303 		lsl	r3, r3, #2
 229 00ce 07F15001 		add	r1, r7, #80
ARM GAS  C:\Users\ajs5433\AppData\Local\Temp\ccd7nKFP.s 			page 6


 230 00d2 CB18     		adds	r3, r1, r3
 231 00d4 43F84C2C 		str	r2, [r3, #-76]
 232 00d8 3B6C     		ldr	r3, [r7, #64]
 233 00da 03F10103 		add	r3, r3, #1
 234 00de 3B64     		str	r3, [r7, #64]
  51:.\iprintf.c   ****                 iVal /= 10;
 235              		.loc 1 51 0 discriminator 1
 236 00e0 BA6C     		ldr	r2, [r7, #72]
 237 00e2 4CF6CD43 		movw	r3, #52429
 238 00e6 CCF6CC43 		movt	r3, 52428
 239 00ea A3FB0213 		umull	r1, r3, r3, r2
 240 00ee 4FEAD303 		lsr	r3, r3, #3
 241 00f2 BB64     		str	r3, [r7, #72]
  52:.\iprintf.c   ****             }while(iVal);
 242              		.loc 1 52 0 discriminator 1
 243 00f4 BB6C     		ldr	r3, [r7, #72]
 244 00f6 002B     		cmp	r3, #0
 245 00f8 D6D1     		bne	.L11
  53:.\iprintf.c   ****             while(i > 0)
 246              		.loc 1 53 0
 247 00fa 13E0     		b	.L12
 248              	.L13:
  54:.\iprintf.c   ****             {
  55:.\iprintf.c   ****                 i--;
 249              		.loc 1 55 0
 250 00fc 3B6C     		ldr	r3, [r7, #64]
 251 00fe 03F1FF33 		add	r3, r3, #-1
 252 0102 3B64     		str	r3, [r7, #64]
  56:.\iprintf.c   ****                 iputc(*change(buffer[i]));
 253              		.loc 1 56 0
 254 0104 3B6C     		ldr	r3, [r7, #64]
 255 0106 4FEA8303 		lsl	r3, r3, #2
 256 010a 07F15002 		add	r2, r7, #80
 257 010e D318     		adds	r3, r2, r3
 258 0110 53F84C3C 		ldr	r3, [r3, #-76]
 259 0114 1846     		mov	r0, r3
 260 0116 FFF7FEFF 		bl	change
 261 011a 0346     		mov	r3, r0
 262 011c 1B78     		ldrb	r3, [r3, #0]	@ zero_extendqisi2
 263 011e 1846     		mov	r0, r3
 264 0120 FFF7FEFF 		bl	iputc
 265              	.L12:
  53:.\iprintf.c   ****             while(i > 0)
 266              		.loc 1 53 0 discriminator 1
 267 0124 3B6C     		ldr	r3, [r7, #64]
 268 0126 002B     		cmp	r3, #0
 269 0128 E8D1     		bne	.L13
  57:.\iprintf.c   ****             }
  58:.\iprintf.c   ****             pszFmt++;
 270              		.loc 1 58 0
 271 012a BB6D     		ldr	r3, [r7, #88]
 272 012c 03F10103 		add	r3, r3, #1
 273 0130 BB65     		str	r3, [r7, #88]
  59:.\iprintf.c   ****             continue;
 274              		.loc 1 59 0
 275 0132 85E0     		b	.L5
 276              	.L10:
ARM GAS  C:\Users\ajs5433\AppData\Local\Temp\ccd7nKFP.s 			page 7


  60:.\iprintf.c   ****         }
  61:.\iprintf.c   ****         if(*pszFmt == 'c')
 277              		.loc 1 61 0
 278 0134 BB6D     		ldr	r3, [r7, #88]
 279 0136 1B78     		ldrb	r3, [r3, #0]	@ zero_extendqisi2
 280 0138 632B     		cmp	r3, #99
 281 013a 15D1     		bne	.L14
  62:.\iprintf.c   ****         {
  63:.\iprintf.c   ****             cVal = (uint8)pArg[index++];
 282              		.loc 1 63 0
 283 013c FB6B     		ldr	r3, [r7, #60]
 284 013e 4FEA8303 		lsl	r3, r3, #2
 285 0142 BA6B     		ldr	r2, [r7, #56]
 286 0144 D318     		adds	r3, r2, r3
 287 0146 1B68     		ldr	r3, [r3, #0]
 288 0148 87F83730 		strb	r3, [r7, #55]
 289 014c FB6B     		ldr	r3, [r7, #60]
 290 014e 03F10103 		add	r3, r3, #1
 291 0152 FB63     		str	r3, [r7, #60]
  64:.\iprintf.c   ****             iputc(cVal);
 292              		.loc 1 64 0
 293 0154 97F83730 		ldrb	r3, [r7, #55]	@ zero_extendqisi2
 294 0158 1846     		mov	r0, r3
 295 015a FFF7FEFF 		bl	iputc
  65:.\iprintf.c   ****             pszFmt++;
 296              		.loc 1 65 0
 297 015e BB6D     		ldr	r3, [r7, #88]
 298 0160 03F10103 		add	r3, r3, #1
 299 0164 BB65     		str	r3, [r7, #88]
  66:.\iprintf.c   ****             continue;
 300              		.loc 1 66 0
 301 0166 6BE0     		b	.L5
 302              	.L14:
  67:.\iprintf.c   ****         }
  68:.\iprintf.c   ****         if(*pszFmt == 'x')
 303              		.loc 1 68 0
 304 0168 BB6D     		ldr	r3, [r7, #88]
 305 016a 1B78     		ldrb	r3, [r3, #0]	@ zero_extendqisi2
 306 016c 782B     		cmp	r3, #120
 307 016e 64D1     		bne	.L15
  69:.\iprintf.c   ****         {
  70:.\iprintf.c   ****             xVal = pArg[index++];
 308              		.loc 1 70 0
 309 0170 FB6B     		ldr	r3, [r7, #60]
 310 0172 4FEA8303 		lsl	r3, r3, #2
 311 0176 BA6B     		ldr	r2, [r7, #56]
 312 0178 D318     		adds	r3, r2, r3
 313 017a 1B68     		ldr	r3, [r3, #0]
 314 017c 7B64     		str	r3, [r7, #68]
 315 017e FB6B     		ldr	r3, [r7, #60]
 316 0180 03F10103 		add	r3, r3, #1
 317 0184 FB63     		str	r3, [r7, #60]
  71:.\iprintf.c   ****             i = 0;
 318              		.loc 1 71 0
 319 0186 4FF00003 		mov	r3, #0
 320 018a 3B64     		str	r3, [r7, #64]
 321              	.L16:
ARM GAS  C:\Users\ajs5433\AppData\Local\Temp\ccd7nKFP.s 			page 8


  72:.\iprintf.c   ****             do{
  73:.\iprintf.c   ****                 buffer[i++] = xVal % 16;
 322              		.loc 1 73 0 discriminator 1
 323 018c 7B6C     		ldr	r3, [r7, #68]
 324 018e 03F00F02 		and	r2, r3, #15
 325 0192 3B6C     		ldr	r3, [r7, #64]
 326 0194 4FEA8303 		lsl	r3, r3, #2
 327 0198 07F15001 		add	r1, r7, #80
 328 019c CB18     		adds	r3, r1, r3
 329 019e 43F84C2C 		str	r2, [r3, #-76]
 330 01a2 3B6C     		ldr	r3, [r7, #64]
 331 01a4 03F10103 		add	r3, r3, #1
 332 01a8 3B64     		str	r3, [r7, #64]
  74:.\iprintf.c   ****                 xVal /= 16;
 333              		.loc 1 74 0 discriminator 1
 334 01aa 7B6C     		ldr	r3, [r7, #68]
 335 01ac 4FEA1313 		lsr	r3, r3, #4
 336 01b0 7B64     		str	r3, [r7, #68]
  75:.\iprintf.c   ****             }while(xVal);
 337              		.loc 1 75 0 discriminator 1
 338 01b2 7B6C     		ldr	r3, [r7, #68]
 339 01b4 002B     		cmp	r3, #0
 340 01b6 E9D1     		bne	.L16
  76:.\iprintf.c   ****             if(i%2!=0)
 341              		.loc 1 76 0
 342 01b8 3B6C     		ldr	r3, [r7, #64]
 343 01ba 03F00103 		and	r3, r3, #1
 344 01be 002B     		cmp	r3, #0
 345 01c0 0DD0     		beq	.L17
  77:.\iprintf.c   ****                 buffer[i++]=0;
 346              		.loc 1 77 0
 347 01c2 3B6C     		ldr	r3, [r7, #64]
 348 01c4 4FEA8303 		lsl	r3, r3, #2
 349 01c8 07F15002 		add	r2, r7, #80
 350 01cc D318     		adds	r3, r2, r3
 351 01ce 4FF00002 		mov	r2, #0
 352 01d2 43F84C2C 		str	r2, [r3, #-76]
 353 01d6 3B6C     		ldr	r3, [r7, #64]
 354 01d8 03F10103 		add	r3, r3, #1
 355 01dc 3B64     		str	r3, [r7, #64]
 356              	.L17:
  78:.\iprintf.c   ****             if(i<2)
 357              		.loc 1 78 0
 358 01de 3B6C     		ldr	r3, [r7, #64]
 359 01e0 012B     		cmp	r3, #1
 360 01e2 22D8     		bhi	.L19
  79:.\iprintf.c   ****                 buffer[i++]=0;
 361              		.loc 1 79 0
 362 01e4 3B6C     		ldr	r3, [r7, #64]
 363 01e6 4FEA8303 		lsl	r3, r3, #2
 364 01ea 07F15001 		add	r1, r7, #80
 365 01ee CB18     		adds	r3, r1, r3
 366 01f0 4FF00002 		mov	r2, #0
 367 01f4 43F84C2C 		str	r2, [r3, #-76]
 368 01f8 3B6C     		ldr	r3, [r7, #64]
 369 01fa 03F10103 		add	r3, r3, #1
 370 01fe 3B64     		str	r3, [r7, #64]
ARM GAS  C:\Users\ajs5433\AppData\Local\Temp\ccd7nKFP.s 			page 9


  80:.\iprintf.c   **** 
  81:.\iprintf.c   ****             while(i > 0)
 371              		.loc 1 81 0
 372 0200 13E0     		b	.L19
 373              	.L20:
  82:.\iprintf.c   ****             {
  83:.\iprintf.c   ****                 i--;
 374              		.loc 1 83 0
 375 0202 3B6C     		ldr	r3, [r7, #64]
 376 0204 03F1FF33 		add	r3, r3, #-1
 377 0208 3B64     		str	r3, [r7, #64]
  84:.\iprintf.c   ****                 iputc(*change(buffer[i]));
 378              		.loc 1 84 0
 379 020a 3B6C     		ldr	r3, [r7, #64]
 380 020c 4FEA8303 		lsl	r3, r3, #2
 381 0210 07F15002 		add	r2, r7, #80
 382 0214 D318     		adds	r3, r2, r3
 383 0216 53F84C3C 		ldr	r3, [r3, #-76]
 384 021a 1846     		mov	r0, r3
 385 021c FFF7FEFF 		bl	change
 386 0220 0346     		mov	r3, r0
 387 0222 1B78     		ldrb	r3, [r3, #0]	@ zero_extendqisi2
 388 0224 1846     		mov	r0, r3
 389 0226 FFF7FEFF 		bl	iputc
 390              	.L19:
  81:.\iprintf.c   ****             while(i > 0)
 391              		.loc 1 81 0 discriminator 1
 392 022a 3B6C     		ldr	r3, [r7, #64]
 393 022c 002B     		cmp	r3, #0
 394 022e E8D1     		bne	.L20
  85:.\iprintf.c   ****             }
  86:.\iprintf.c   ****             pszFmt++;
 395              		.loc 1 86 0
 396 0230 BB6D     		ldr	r3, [r7, #88]
 397 0232 03F10103 		add	r3, r3, #1
 398 0236 BB65     		str	r3, [r7, #88]
  87:.\iprintf.c   ****             continue;
 399              		.loc 1 87 0
 400 0238 02E0     		b	.L5
 401              	.L15:
  88:.\iprintf.c   ****         }
  89:.\iprintf.c   ****         if(pszFmt == '\0')
 402              		.loc 1 89 0
 403 023a BB6D     		ldr	r3, [r7, #88]
 404 023c 002B     		cmp	r3, #0
 405 023e 05D0     		beq	.L23
 406              	.L5:
  27:.\iprintf.c   ****     while(*pszFmt)
 407              		.loc 1 27 0 discriminator 1
 408 0240 BB6D     		ldr	r3, [r7, #88]
 409 0242 1B78     		ldrb	r3, [r3, #0]	@ zero_extendqisi2
 410 0244 002B     		cmp	r3, #0
 411 0246 7FF4E9AE 		bne	.L22
 412 024a 00E0     		b	.L4
 413              	.L23:
  90:.\iprintf.c   ****         {
  91:.\iprintf.c   ****             break;
ARM GAS  C:\Users\ajs5433\AppData\Local\Temp\ccd7nKFP.s 			page 10


 414              		.loc 1 91 0
 415 024c 00BF     		nop
 416              	.L4:
  92:.\iprintf.c   ****         }
  93:.\iprintf.c   **** 
  94:.\iprintf.c   ****     }
  95:.\iprintf.c   **** }...
 417              		.loc 1 95 0
 418 024e 07F15007 		add	r7, r7, #80
 419 0252 BD46     		mov	sp, r7
 420 0254 BDE88040 		pop	{r7, lr}
 421 0258 04B0     		add	sp, sp, #16
 422 025a 7047     		bx	lr
 423              		.cfi_endproc
 424              	.LFE58:
 425              		.size	iprintf, .-iprintf
 426              		.text
 427              	.Letext0:
 428              		.file 2 "c:\\program files (x86)\\cypress\\psoc creator\\3.0\\psoc creator\\import\\gnu_cs\\arm\\4
 429              		.file 3 "./Generated_Source/PSoC5/cytypes.h"
 430              		.file 4 "./Generated_Source/PSoC5/core_cm3.h"
 431              		.section	.debug_info,"",%progbits
 432              	.Ldebug_info0:
 433 0000 E4010000 		.4byte	0x1e4
 434 0004 0200     		.2byte	0x2
 435 0006 00000000 		.4byte	.Ldebug_abbrev0
 436 000a 04       		.byte	0x4
 437 000b 01       		.uleb128 0x1
 438 000c 7C010000 		.4byte	.LASF26
 439 0010 01       		.byte	0x1
 440 0011 55010000 		.4byte	.LASF27
 441 0015 0F000000 		.4byte	.LASF28
 442 0019 00000000 		.4byte	.Ldebug_ranges0+0
 443 001d 00000000 		.4byte	0
 444 0021 00000000 		.4byte	0
 445 0025 00000000 		.4byte	.Ldebug_line0
 446 0029 02       		.uleb128 0x2
 447 002a 01       		.byte	0x1
 448 002b 06       		.byte	0x6
 449 002c 6A010000 		.4byte	.LASF0
 450 0030 02       		.uleb128 0x2
 451 0031 01       		.byte	0x1
 452 0032 08       		.byte	0x8
 453 0033 62000000 		.4byte	.LASF1
 454 0037 02       		.uleb128 0x2
 455 0038 02       		.byte	0x2
 456 0039 05       		.byte	0x5
 457 003a 3E010000 		.4byte	.LASF2
 458 003e 02       		.uleb128 0x2
 459 003f 02       		.byte	0x2
 460 0040 07       		.byte	0x7
 461 0041 94000000 		.4byte	.LASF3
 462 0045 03       		.uleb128 0x3
 463 0046 0F010000 		.4byte	.LASF9
 464 004a 02       		.byte	0x2
 465 004b 4F       		.byte	0x4f
 466 004c 50000000 		.4byte	0x50
ARM GAS  C:\Users\ajs5433\AppData\Local\Temp\ccd7nKFP.s 			page 11


 467 0050 02       		.uleb128 0x2
 468 0051 04       		.byte	0x4
 469 0052 05       		.byte	0x5
 470 0053 61010000 		.4byte	.LASF4
 471 0057 02       		.uleb128 0x2
 472 0058 04       		.byte	0x4
 473 0059 07       		.byte	0x7
 474 005a 82000000 		.4byte	.LASF5
 475 005e 02       		.uleb128 0x2
 476 005f 08       		.byte	0x8
 477 0060 05       		.byte	0x5
 478 0061 20010000 		.4byte	.LASF6
 479 0065 02       		.uleb128 0x2
 480 0066 08       		.byte	0x8
 481 0067 07       		.byte	0x7
 482 0068 DA000000 		.4byte	.LASF7
 483 006c 04       		.uleb128 0x4
 484 006d 04       		.byte	0x4
 485 006e 05       		.byte	0x5
 486 006f 696E7400 		.ascii	"int\000"
 487 0073 02       		.uleb128 0x2
 488 0074 04       		.byte	0x4
 489 0075 07       		.byte	0x7
 490 0076 C8000000 		.4byte	.LASF8
 491 007a 03       		.uleb128 0x3
 492 007b 4F010000 		.4byte	.LASF10
 493 007f 03       		.byte	0x3
 494 0080 5B       		.byte	0x5b
 495 0081 30000000 		.4byte	0x30
 496 0085 03       		.uleb128 0x3
 497 0086 C1000000 		.4byte	.LASF11
 498 008a 03       		.byte	0x3
 499 008b 5D       		.byte	0x5d
 500 008c 57000000 		.4byte	0x57
 501 0090 02       		.uleb128 0x2
 502 0091 04       		.byte	0x4
 503 0092 04       		.byte	0x4
 504 0093 5C000000 		.4byte	.LASF12
 505 0097 02       		.uleb128 0x2
 506 0098 08       		.byte	0x8
 507 0099 04       		.byte	0x4
 508 009a B4000000 		.4byte	.LASF13
 509 009e 03       		.uleb128 0x3
 510 009f 75000000 		.4byte	.LASF14
 511 00a3 03       		.byte	0x3
 512 00a4 6C       		.byte	0x6c
 513 00a5 A9000000 		.4byte	0xa9
 514 00a9 02       		.uleb128 0x2
 515 00aa 01       		.byte	0x1
 516 00ab 08       		.byte	0x8
 517 00ac 33010000 		.4byte	.LASF15
 518 00b0 02       		.uleb128 0x2
 519 00b1 04       		.byte	0x4
 520 00b2 07       		.byte	0x7
 521 00b3 17010000 		.4byte	.LASF16
 522 00b7 05       		.uleb128 0x5
 523 00b8 BB000000 		.4byte	.LASF29
ARM GAS  C:\Users\ajs5433\AppData\Local\Temp\ccd7nKFP.s 			page 12


 524 00bc 01       		.byte	0x1
 525 00bd 07       		.byte	0x7
 526 00be 01       		.byte	0x1
 527 00bf 00000000 		.4byte	.LFB56
 528 00c3 1A000000 		.4byte	.LFE56
 529 00c7 00000000 		.4byte	.LLST0
 530 00cb 01       		.byte	0x1
 531 00cc ED000000 		.4byte	0xed
 532 00d0 06       		.uleb128 0x6
 533 00d1 636800   		.ascii	"ch\000"
 534 00d4 01       		.byte	0x1
 535 00d5 07       		.byte	0x7
 536 00d6 9E000000 		.4byte	0x9e
 537 00da 02       		.byte	0x2
 538 00db 91       		.byte	0x91
 539 00dc 77       		.sleb128 -9
 540 00dd 07       		.uleb128 0x7
 541 00de 01       		.byte	0x1
 542 00df F1000000 		.4byte	.LASF30
 543 00e3 01       		.byte	0x1
 544 00e4 0A       		.byte	0xa
 545 00e5 6C000000 		.4byte	0x6c
 546 00e9 01       		.byte	0x1
 547 00ea 08       		.uleb128 0x8
 548 00eb 00       		.byte	0
 549 00ec 00       		.byte	0
 550 00ed 09       		.uleb128 0x9
 551 00ee 08010000 		.4byte	.LASF31
 552 00f2 01       		.byte	0x1
 553 00f3 0D       		.byte	0xd
 554 00f4 01       		.byte	0x1
 555 00f5 19010000 		.4byte	0x119
 556 00f9 00000000 		.4byte	.LFB57
 557 00fd 20000000 		.4byte	.LFE57
 558 0101 38000000 		.4byte	.LLST1
 559 0105 01       		.byte	0x1
 560 0106 19010000 		.4byte	0x119
 561 010a 0A       		.uleb128 0xa
 562 010b 76010000 		.4byte	.LASF17
 563 010f 01       		.byte	0x1
 564 0110 0D       		.byte	0xd
 565 0111 85000000 		.4byte	0x85
 566 0115 02       		.byte	0x2
 567 0116 91       		.byte	0x91
 568 0117 74       		.sleb128 -12
 569 0118 00       		.byte	0
 570 0119 0B       		.uleb128 0xb
 571 011a 04       		.byte	0x4
 572 011b 7A000000 		.4byte	0x7a
 573 011f 0C       		.uleb128 0xc
 574 0120 01       		.byte	0x1
 575 0121 00000000 		.4byte	.LASF32
 576 0125 01       		.byte	0x1
 577 0126 13       		.byte	0x13
 578 0127 01       		.byte	0x1
 579 0128 00000000 		.4byte	.LFB58
 580 012c 5C020000 		.4byte	.LFE58
ARM GAS  C:\Users\ajs5433\AppData\Local\Temp\ccd7nKFP.s 			page 13


 581 0130 70000000 		.4byte	.LLST2
 582 0134 01       		.byte	0x1
 583 0135 B8010000 		.4byte	0x1b8
 584 0139 0A       		.uleb128 0xa
 585 013a 08000000 		.4byte	.LASF18
 586 013e 01       		.byte	0x1
 587 013f 13       		.byte	0x13
 588 0140 B8010000 		.4byte	0x1b8
 589 0144 02       		.byte	0x2
 590 0145 91       		.byte	0x91
 591 0146 70       		.sleb128 -16
 592 0147 08       		.uleb128 0x8
 593 0148 0D       		.uleb128 0xd
 594 0149 7B000000 		.4byte	.LASF19
 595 014d 01       		.byte	0x1
 596 014e 15       		.byte	0x15
 597 014f 19010000 		.4byte	0x119
 598 0153 02       		.byte	0x2
 599 0154 91       		.byte	0x91
 600 0155 64       		.sleb128 -28
 601 0156 0D       		.uleb128 0xd
 602 0157 D5000000 		.4byte	.LASF20
 603 015b 01       		.byte	0x1
 604 015c 16       		.byte	0x16
 605 015d 85000000 		.4byte	0x85
 606 0161 02       		.byte	0x2
 607 0162 91       		.byte	0x91
 608 0163 60       		.sleb128 -32
 609 0164 0D       		.uleb128 0xd
 610 0165 03010000 		.4byte	.LASF21
 611 0169 01       		.byte	0x1
 612 016a 16       		.byte	0x16
 613 016b 85000000 		.4byte	0x85
 614 016f 02       		.byte	0x2
 615 0170 91       		.byte	0x91
 616 0171 5C       		.sleb128 -36
 617 0172 0E       		.uleb128 0xe
 618 0173 6900     		.ascii	"i\000"
 619 0175 01       		.byte	0x1
 620 0176 16       		.byte	0x16
 621 0177 85000000 		.4byte	0x85
 622 017b 02       		.byte	0x2
 623 017c 91       		.byte	0x91
 624 017d 58       		.sleb128 -40
 625 017e 0D       		.uleb128 0xd
 626 017f 48010000 		.4byte	.LASF22
 627 0183 01       		.byte	0x1
 628 0184 16       		.byte	0x16
 629 0185 BE010000 		.4byte	0x1be
 630 0189 03       		.byte	0x3
 631 018a 91       		.byte	0x91
 632 018b 9C7F     		.sleb128 -100
 633 018d 0D       		.uleb128 0xd
 634 018e 38010000 		.4byte	.LASF23
 635 0192 01       		.byte	0x1
 636 0193 16       		.byte	0x16
 637 0194 85000000 		.4byte	0x85
ARM GAS  C:\Users\ajs5433\AppData\Local\Temp\ccd7nKFP.s 			page 14


 638 0198 02       		.byte	0x2
 639 0199 91       		.byte	0x91
 640 019a 54       		.sleb128 -44
 641 019b 0D       		.uleb128 0xd
 642 019c 70000000 		.4byte	.LASF24
 643 01a0 01       		.byte	0x1
 644 01a1 17       		.byte	0x17
 645 01a2 7A000000 		.4byte	0x7a
 646 01a6 02       		.byte	0x2
 647 01a7 91       		.byte	0x91
 648 01a8 4F       		.sleb128 -49
 649 01a9 0D       		.uleb128 0xd
 650 01aa 2E010000 		.4byte	.LASF25
 651 01ae 01       		.byte	0x1
 652 01af 18       		.byte	0x18
 653 01b0 CE010000 		.4byte	0x1ce
 654 01b4 02       		.byte	0x2
 655 01b5 91       		.byte	0x91
 656 01b6 50       		.sleb128 -48
 657 01b7 00       		.byte	0
 658 01b8 0B       		.uleb128 0xb
 659 01b9 04       		.byte	0x4
 660 01ba 9E000000 		.4byte	0x9e
 661 01be 0F       		.uleb128 0xf
 662 01bf 85000000 		.4byte	0x85
 663 01c3 CE010000 		.4byte	0x1ce
 664 01c7 10       		.uleb128 0x10
 665 01c8 B0000000 		.4byte	0xb0
 666 01cc 0B       		.byte	0xb
 667 01cd 00       		.byte	0
 668 01ce 0B       		.uleb128 0xb
 669 01cf 04       		.byte	0x4
 670 01d0 85000000 		.4byte	0x85
 671 01d4 11       		.uleb128 0x11
 672 01d5 A7000000 		.4byte	.LASF33
 673 01d9 04       		.byte	0x4
 674 01da 1606     		.2byte	0x616
 675 01dc E2010000 		.4byte	0x1e2
 676 01e0 01       		.byte	0x1
 677 01e1 01       		.byte	0x1
 678 01e2 12       		.uleb128 0x12
 679 01e3 45000000 		.4byte	0x45
 680 01e7 00       		.byte	0
 681              		.section	.debug_abbrev,"",%progbits
 682              	.Ldebug_abbrev0:
 683 0000 01       		.uleb128 0x1
 684 0001 11       		.uleb128 0x11
 685 0002 01       		.byte	0x1
 686 0003 25       		.uleb128 0x25
 687 0004 0E       		.uleb128 0xe
 688 0005 13       		.uleb128 0x13
 689 0006 0B       		.uleb128 0xb
 690 0007 03       		.uleb128 0x3
 691 0008 0E       		.uleb128 0xe
 692 0009 1B       		.uleb128 0x1b
 693 000a 0E       		.uleb128 0xe
 694 000b 55       		.uleb128 0x55
ARM GAS  C:\Users\ajs5433\AppData\Local\Temp\ccd7nKFP.s 			page 15


 695 000c 06       		.uleb128 0x6
 696 000d 11       		.uleb128 0x11
 697 000e 01       		.uleb128 0x1
 698 000f 52       		.uleb128 0x52
 699 0010 01       		.uleb128 0x1
 700 0011 10       		.uleb128 0x10
 701 0012 06       		.uleb128 0x6
 702 0013 00       		.byte	0
 703 0014 00       		.byte	0
 704 0015 02       		.uleb128 0x2
 705 0016 24       		.uleb128 0x24
 706 0017 00       		.byte	0
 707 0018 0B       		.uleb128 0xb
 708 0019 0B       		.uleb128 0xb
 709 001a 3E       		.uleb128 0x3e
 710 001b 0B       		.uleb128 0xb
 711 001c 03       		.uleb128 0x3
 712 001d 0E       		.uleb128 0xe
 713 001e 00       		.byte	0
 714 001f 00       		.byte	0
 715 0020 03       		.uleb128 0x3
 716 0021 16       		.uleb128 0x16
 717 0022 00       		.byte	0
 718 0023 03       		.uleb128 0x3
 719 0024 0E       		.uleb128 0xe
 720 0025 3A       		.uleb128 0x3a
 721 0026 0B       		.uleb128 0xb
 722 0027 3B       		.uleb128 0x3b
 723 0028 0B       		.uleb128 0xb
 724 0029 49       		.uleb128 0x49
 725 002a 13       		.uleb128 0x13
 726 002b 00       		.byte	0
 727 002c 00       		.byte	0
 728 002d 04       		.uleb128 0x4
 729 002e 24       		.uleb128 0x24
 730 002f 00       		.byte	0
 731 0030 0B       		.uleb128 0xb
 732 0031 0B       		.uleb128 0xb
 733 0032 3E       		.uleb128 0x3e
 734 0033 0B       		.uleb128 0xb
 735 0034 03       		.uleb128 0x3
 736 0035 08       		.uleb128 0x8
 737 0036 00       		.byte	0
 738 0037 00       		.byte	0
 739 0038 05       		.uleb128 0x5
 740 0039 2E       		.uleb128 0x2e
 741 003a 01       		.byte	0x1
 742 003b 03       		.uleb128 0x3
 743 003c 0E       		.uleb128 0xe
 744 003d 3A       		.uleb128 0x3a
 745 003e 0B       		.uleb128 0xb
 746 003f 3B       		.uleb128 0x3b
 747 0040 0B       		.uleb128 0xb
 748 0041 27       		.uleb128 0x27
 749 0042 0C       		.uleb128 0xc
 750 0043 11       		.uleb128 0x11
 751 0044 01       		.uleb128 0x1
ARM GAS  C:\Users\ajs5433\AppData\Local\Temp\ccd7nKFP.s 			page 16


 752 0045 12       		.uleb128 0x12
 753 0046 01       		.uleb128 0x1
 754 0047 40       		.uleb128 0x40
 755 0048 06       		.uleb128 0x6
 756 0049 9642     		.uleb128 0x2116
 757 004b 0C       		.uleb128 0xc
 758 004c 01       		.uleb128 0x1
 759 004d 13       		.uleb128 0x13
 760 004e 00       		.byte	0
 761 004f 00       		.byte	0
 762 0050 06       		.uleb128 0x6
 763 0051 05       		.uleb128 0x5
 764 0052 00       		.byte	0
 765 0053 03       		.uleb128 0x3
 766 0054 08       		.uleb128 0x8
 767 0055 3A       		.uleb128 0x3a
 768 0056 0B       		.uleb128 0xb
 769 0057 3B       		.uleb128 0x3b
 770 0058 0B       		.uleb128 0xb
 771 0059 49       		.uleb128 0x49
 772 005a 13       		.uleb128 0x13
 773 005b 02       		.uleb128 0x2
 774 005c 0A       		.uleb128 0xa
 775 005d 00       		.byte	0
 776 005e 00       		.byte	0
 777 005f 07       		.uleb128 0x7
 778 0060 2E       		.uleb128 0x2e
 779 0061 01       		.byte	0x1
 780 0062 3F       		.uleb128 0x3f
 781 0063 0C       		.uleb128 0xc
 782 0064 03       		.uleb128 0x3
 783 0065 0E       		.uleb128 0xe
 784 0066 3A       		.uleb128 0x3a
 785 0067 0B       		.uleb128 0xb
 786 0068 3B       		.uleb128 0x3b
 787 0069 0B       		.uleb128 0xb
 788 006a 49       		.uleb128 0x49
 789 006b 13       		.uleb128 0x13
 790 006c 3C       		.uleb128 0x3c
 791 006d 0C       		.uleb128 0xc
 792 006e 00       		.byte	0
 793 006f 00       		.byte	0
 794 0070 08       		.uleb128 0x8
 795 0071 18       		.uleb128 0x18
 796 0072 00       		.byte	0
 797 0073 00       		.byte	0
 798 0074 00       		.byte	0
 799 0075 09       		.uleb128 0x9
 800 0076 2E       		.uleb128 0x2e
 801 0077 01       		.byte	0x1
 802 0078 03       		.uleb128 0x3
 803 0079 0E       		.uleb128 0xe
 804 007a 3A       		.uleb128 0x3a
 805 007b 0B       		.uleb128 0xb
 806 007c 3B       		.uleb128 0x3b
 807 007d 0B       		.uleb128 0xb
 808 007e 27       		.uleb128 0x27
ARM GAS  C:\Users\ajs5433\AppData\Local\Temp\ccd7nKFP.s 			page 17


 809 007f 0C       		.uleb128 0xc
 810 0080 49       		.uleb128 0x49
 811 0081 13       		.uleb128 0x13
 812 0082 11       		.uleb128 0x11
 813 0083 01       		.uleb128 0x1
 814 0084 12       		.uleb128 0x12
 815 0085 01       		.uleb128 0x1
 816 0086 40       		.uleb128 0x40
 817 0087 06       		.uleb128 0x6
 818 0088 9742     		.uleb128 0x2117
 819 008a 0C       		.uleb128 0xc
 820 008b 01       		.uleb128 0x1
 821 008c 13       		.uleb128 0x13
 822 008d 00       		.byte	0
 823 008e 00       		.byte	0
 824 008f 0A       		.uleb128 0xa
 825 0090 05       		.uleb128 0x5
 826 0091 00       		.byte	0
 827 0092 03       		.uleb128 0x3
 828 0093 0E       		.uleb128 0xe
 829 0094 3A       		.uleb128 0x3a
 830 0095 0B       		.uleb128 0xb
 831 0096 3B       		.uleb128 0x3b
 832 0097 0B       		.uleb128 0xb
 833 0098 49       		.uleb128 0x49
 834 0099 13       		.uleb128 0x13
 835 009a 02       		.uleb128 0x2
 836 009b 0A       		.uleb128 0xa
 837 009c 00       		.byte	0
 838 009d 00       		.byte	0
 839 009e 0B       		.uleb128 0xb
 840 009f 0F       		.uleb128 0xf
 841 00a0 00       		.byte	0
 842 00a1 0B       		.uleb128 0xb
 843 00a2 0B       		.uleb128 0xb
 844 00a3 49       		.uleb128 0x49
 845 00a4 13       		.uleb128 0x13
 846 00a5 00       		.byte	0
 847 00a6 00       		.byte	0
 848 00a7 0C       		.uleb128 0xc
 849 00a8 2E       		.uleb128 0x2e
 850 00a9 01       		.byte	0x1
 851 00aa 3F       		.uleb128 0x3f
 852 00ab 0C       		.uleb128 0xc
 853 00ac 03       		.uleb128 0x3
 854 00ad 0E       		.uleb128 0xe
 855 00ae 3A       		.uleb128 0x3a
 856 00af 0B       		.uleb128 0xb
 857 00b0 3B       		.uleb128 0x3b
 858 00b1 0B       		.uleb128 0xb
 859 00b2 27       		.uleb128 0x27
 860 00b3 0C       		.uleb128 0xc
 861 00b4 11       		.uleb128 0x11
 862 00b5 01       		.uleb128 0x1
 863 00b6 12       		.uleb128 0x12
 864 00b7 01       		.uleb128 0x1
 865 00b8 40       		.uleb128 0x40
ARM GAS  C:\Users\ajs5433\AppData\Local\Temp\ccd7nKFP.s 			page 18


 866 00b9 06       		.uleb128 0x6
 867 00ba 9642     		.uleb128 0x2116
 868 00bc 0C       		.uleb128 0xc
 869 00bd 01       		.uleb128 0x1
 870 00be 13       		.uleb128 0x13
 871 00bf 00       		.byte	0
 872 00c0 00       		.byte	0
 873 00c1 0D       		.uleb128 0xd
 874 00c2 34       		.uleb128 0x34
 875 00c3 00       		.byte	0
 876 00c4 03       		.uleb128 0x3
 877 00c5 0E       		.uleb128 0xe
 878 00c6 3A       		.uleb128 0x3a
 879 00c7 0B       		.uleb128 0xb
 880 00c8 3B       		.uleb128 0x3b
 881 00c9 0B       		.uleb128 0xb
 882 00ca 49       		.uleb128 0x49
 883 00cb 13       		.uleb128 0x13
 884 00cc 02       		.uleb128 0x2
 885 00cd 0A       		.uleb128 0xa
 886 00ce 00       		.byte	0
 887 00cf 00       		.byte	0
 888 00d0 0E       		.uleb128 0xe
 889 00d1 34       		.uleb128 0x34
 890 00d2 00       		.byte	0
 891 00d3 03       		.uleb128 0x3
 892 00d4 08       		.uleb128 0x8
 893 00d5 3A       		.uleb128 0x3a
 894 00d6 0B       		.uleb128 0xb
 895 00d7 3B       		.uleb128 0x3b
 896 00d8 0B       		.uleb128 0xb
 897 00d9 49       		.uleb128 0x49
 898 00da 13       		.uleb128 0x13
 899 00db 02       		.uleb128 0x2
 900 00dc 0A       		.uleb128 0xa
 901 00dd 00       		.byte	0
 902 00de 00       		.byte	0
 903 00df 0F       		.uleb128 0xf
 904 00e0 01       		.uleb128 0x1
 905 00e1 01       		.byte	0x1
 906 00e2 49       		.uleb128 0x49
 907 00e3 13       		.uleb128 0x13
 908 00e4 01       		.uleb128 0x1
 909 00e5 13       		.uleb128 0x13
 910 00e6 00       		.byte	0
 911 00e7 00       		.byte	0
 912 00e8 10       		.uleb128 0x10
 913 00e9 21       		.uleb128 0x21
 914 00ea 00       		.byte	0
 915 00eb 49       		.uleb128 0x49
 916 00ec 13       		.uleb128 0x13
 917 00ed 2F       		.uleb128 0x2f
 918 00ee 0B       		.uleb128 0xb
 919 00ef 00       		.byte	0
 920 00f0 00       		.byte	0
 921 00f1 11       		.uleb128 0x11
 922 00f2 34       		.uleb128 0x34
ARM GAS  C:\Users\ajs5433\AppData\Local\Temp\ccd7nKFP.s 			page 19


 923 00f3 00       		.byte	0
 924 00f4 03       		.uleb128 0x3
 925 00f5 0E       		.uleb128 0xe
 926 00f6 3A       		.uleb128 0x3a
 927 00f7 0B       		.uleb128 0xb
 928 00f8 3B       		.uleb128 0x3b
 929 00f9 05       		.uleb128 0x5
 930 00fa 49       		.uleb128 0x49
 931 00fb 13       		.uleb128 0x13
 932 00fc 3F       		.uleb128 0x3f
 933 00fd 0C       		.uleb128 0xc
 934 00fe 3C       		.uleb128 0x3c
 935 00ff 0C       		.uleb128 0xc
 936 0100 00       		.byte	0
 937 0101 00       		.byte	0
 938 0102 12       		.uleb128 0x12
 939 0103 35       		.uleb128 0x35
 940 0104 00       		.byte	0
 941 0105 49       		.uleb128 0x49
 942 0106 13       		.uleb128 0x13
 943 0107 00       		.byte	0
 944 0108 00       		.byte	0
 945 0109 00       		.byte	0
 946              		.section	.debug_loc,"",%progbits
 947              	.Ldebug_loc0:
 948              	.LLST0:
 949 0000 00000000 		.4byte	.LFB56
 950 0004 02000000 		.4byte	.LCFI0
 951 0008 0200     		.2byte	0x2
 952 000a 7D       		.byte	0x7d
 953 000b 00       		.sleb128 0
 954 000c 02000000 		.4byte	.LCFI0
 955 0010 04000000 		.4byte	.LCFI1
 956 0014 0200     		.2byte	0x2
 957 0016 7D       		.byte	0x7d
 958 0017 08       		.sleb128 8
 959 0018 04000000 		.4byte	.LCFI1
 960 001c 06000000 		.4byte	.LCFI2
 961 0020 0200     		.2byte	0x2
 962 0022 7D       		.byte	0x7d
 963 0023 10       		.sleb128 16
 964 0024 06000000 		.4byte	.LCFI2
 965 0028 1A000000 		.4byte	.LFE56
 966 002c 0200     		.2byte	0x2
 967 002e 77       		.byte	0x77
 968 002f 10       		.sleb128 16
 969 0030 00000000 		.4byte	0
 970 0034 00000000 		.4byte	0
 971              	.LLST1:
 972 0038 00000000 		.4byte	.LFB57
 973 003c 02000000 		.4byte	.LCFI3
 974 0040 0200     		.2byte	0x2
 975 0042 7D       		.byte	0x7d
 976 0043 00       		.sleb128 0
 977 0044 02000000 		.4byte	.LCFI3
 978 0048 04000000 		.4byte	.LCFI4
 979 004c 0200     		.2byte	0x2
ARM GAS  C:\Users\ajs5433\AppData\Local\Temp\ccd7nKFP.s 			page 20


 980 004e 7D       		.byte	0x7d
 981 004f 04       		.sleb128 4
 982 0050 04000000 		.4byte	.LCFI4
 983 0054 06000000 		.4byte	.LCFI5
 984 0058 0200     		.2byte	0x2
 985 005a 7D       		.byte	0x7d
 986 005b 10       		.sleb128 16
 987 005c 06000000 		.4byte	.LCFI5
 988 0060 20000000 		.4byte	.LFE57
 989 0064 0200     		.2byte	0x2
 990 0066 77       		.byte	0x77
 991 0067 10       		.sleb128 16
 992 0068 00000000 		.4byte	0
 993 006c 00000000 		.4byte	0
 994              	.LLST2:
 995 0070 00000000 		.4byte	.LFB58
 996 0074 02000000 		.4byte	.LCFI6
 997 0078 0200     		.2byte	0x2
 998 007a 7D       		.byte	0x7d
 999 007b 00       		.sleb128 0
 1000 007c 02000000 		.4byte	.LCFI6
 1001 0080 04000000 		.4byte	.LCFI7
 1002 0084 0200     		.2byte	0x2
 1003 0086 7D       		.byte	0x7d
 1004 0087 10       		.sleb128 16
 1005 0088 04000000 		.4byte	.LCFI7
 1006 008c 06000000 		.4byte	.LCFI8
 1007 0090 0200     		.2byte	0x2
 1008 0092 7D       		.byte	0x7d
 1009 0093 18       		.sleb128 24
 1010 0094 06000000 		.4byte	.LCFI8
 1011 0098 08000000 		.4byte	.LCFI9
 1012 009c 0300     		.2byte	0x3
 1013 009e 7D       		.byte	0x7d
 1014 009f E800     		.sleb128 104
 1015 00a1 08000000 		.4byte	.LCFI9
 1016 00a5 5C020000 		.4byte	.LFE58
 1017 00a9 0300     		.2byte	0x3
 1018 00ab 77       		.byte	0x77
 1019 00ac E800     		.sleb128 104
 1020 00ae 00000000 		.4byte	0
 1021 00b2 00000000 		.4byte	0
 1022              		.section	.debug_aranges,"",%progbits
 1023 0000 2C000000 		.4byte	0x2c
 1024 0004 0200     		.2byte	0x2
 1025 0006 00000000 		.4byte	.Ldebug_info0
 1026 000a 04       		.byte	0x4
 1027 000b 00       		.byte	0
 1028 000c 0000     		.2byte	0
 1029 000e 0000     		.2byte	0
 1030 0010 00000000 		.4byte	.LFB56
 1031 0014 1A000000 		.4byte	.LFE56-.LFB56
 1032 0018 00000000 		.4byte	.LFB57
 1033 001c 20000000 		.4byte	.LFE57-.LFB57
 1034 0020 00000000 		.4byte	.LFB58
 1035 0024 5C020000 		.4byte	.LFE58-.LFB58
 1036 0028 00000000 		.4byte	0
ARM GAS  C:\Users\ajs5433\AppData\Local\Temp\ccd7nKFP.s 			page 21


 1037 002c 00000000 		.4byte	0
 1038              		.section	.debug_ranges,"",%progbits
 1039              	.Ldebug_ranges0:
 1040 0000 00000000 		.4byte	.LFB56
 1041 0004 1A000000 		.4byte	.LFE56
 1042 0008 00000000 		.4byte	.LFB57
 1043 000c 20000000 		.4byte	.LFE57
 1044 0010 00000000 		.4byte	.LFB58
 1045 0014 5C020000 		.4byte	.LFE58
 1046 0018 00000000 		.4byte	0
 1047 001c 00000000 		.4byte	0
 1048              		.section	.debug_line,"",%progbits
 1049              	.Ldebug_line0:
 1050 0000 9E010000 		.section	.debug_str,"MS",%progbits,1
 1050      0200FC00 
 1050      00000201 
 1050      FB0E0D00 
 1050      01010101 
 1051              	.LASF32:
 1052 0000 69707269 		.ascii	"iprintf\000"
 1052      6E746600 
 1053              	.LASF18:
 1054 0008 70737A46 		.ascii	"pszFmt\000"
 1054      6D7400
 1055              	.LASF28:
 1056 000f 5C5C6D69 		.ascii	"\\\\mightor\\home\\fall2016\\ajs5433\\Documents\\PS"
 1056      6768746F 
 1056      725C686F 
 1056      6D655C66 
 1056      616C6C32 
 1057 003b 6F432043 		.ascii	"oC Creator\\Timer02\\Timer02.cydsn\000"
 1057      72656174 
 1057      6F725C54 
 1057      696D6572 
 1057      30325C54 
 1058              	.LASF12:
 1059 005c 666C6F61 		.ascii	"float\000"
 1059      7400
 1060              	.LASF1:
 1061 0062 756E7369 		.ascii	"unsigned char\000"
 1061      676E6564 
 1061      20636861 
 1061      7200
 1062              	.LASF24:
 1063 0070 6356616C 		.ascii	"cVal\000"
 1063      00
 1064              	.LASF14:
 1065 0075 63686172 		.ascii	"char8\000"
 1065      3800
 1066              	.LASF19:
 1067 007b 70737A56 		.ascii	"pszVal\000"
 1067      616C00
 1068              	.LASF5:
 1069 0082 6C6F6E67 		.ascii	"long unsigned int\000"
 1069      20756E73 
 1069      69676E65 
 1069      6420696E 
ARM GAS  C:\Users\ajs5433\AppData\Local\Temp\ccd7nKFP.s 			page 22


 1069      7400
 1070              	.LASF3:
 1071 0094 73686F72 		.ascii	"short unsigned int\000"
 1071      7420756E 
 1071      7369676E 
 1071      65642069 
 1071      6E7400
 1072              	.LASF33:
 1073 00a7 49544D5F 		.ascii	"ITM_RxBuffer\000"
 1073      52784275 
 1073      66666572 
 1073      00
 1074              	.LASF13:
 1075 00b4 646F7562 		.ascii	"double\000"
 1075      6C6500
 1076              	.LASF29:
 1077 00bb 69707574 		.ascii	"iputc\000"
 1077      6300
 1078              	.LASF11:
 1079 00c1 75696E74 		.ascii	"uint32\000"
 1079      333200
 1080              	.LASF8:
 1081 00c8 756E7369 		.ascii	"unsigned int\000"
 1081      676E6564 
 1081      20696E74 
 1081      00
 1082              	.LASF20:
 1083 00d5 6956616C 		.ascii	"iVal\000"
 1083      00
 1084              	.LASF7:
 1085 00da 6C6F6E67 		.ascii	"long long unsigned int\000"
 1085      206C6F6E 
 1085      6720756E 
 1085      7369676E 
 1085      65642069 
 1086              	.LASF30:
 1087 00f1 5343425F 		.ascii	"SCB_1_UartPutChar\000"
 1087      315F5561 
 1087      72745075 
 1087      74436861 
 1087      7200
 1088              	.LASF21:
 1089 0103 7856616C 		.ascii	"xVal\000"
 1089      00
 1090              	.LASF31:
 1091 0108 6368616E 		.ascii	"change\000"
 1091      676500
 1092              	.LASF9:
 1093 010f 696E7433 		.ascii	"int32_t\000"
 1093      325F7400 
 1094              	.LASF16:
 1095 0117 73697A65 		.ascii	"sizetype\000"
 1095      74797065 
 1095      00
 1096              	.LASF6:
 1097 0120 6C6F6E67 		.ascii	"long long int\000"
 1097      206C6F6E 
ARM GAS  C:\Users\ajs5433\AppData\Local\Temp\ccd7nKFP.s 			page 23


 1097      6720696E 
 1097      7400
 1098              	.LASF25:
 1099 012e 70417267 		.ascii	"pArg\000"
 1099      00
 1100              	.LASF15:
 1101 0133 63686172 		.ascii	"char\000"
 1101      00
 1102              	.LASF23:
 1103 0138 696E6465 		.ascii	"index\000"
 1103      7800
 1104              	.LASF2:
 1105 013e 73686F72 		.ascii	"short int\000"
 1105      7420696E 
 1105      7400
 1106              	.LASF22:
 1107 0148 62756666 		.ascii	"buffer\000"
 1107      657200
 1108              	.LASF10:
 1109 014f 75696E74 		.ascii	"uint8\000"
 1109      3800
 1110              	.LASF27:
 1111 0155 2E5C6970 		.ascii	".\\iprintf.c\000"
 1111      72696E74 
 1111      662E6300 
 1112              	.LASF4:
 1113 0161 6C6F6E67 		.ascii	"long int\000"
 1113      20696E74 
 1113      00
 1114              	.LASF0:
 1115 016a 7369676E 		.ascii	"signed char\000"
 1115      65642063 
 1115      68617200 
 1116              	.LASF17:
 1117 0176 496E6465 		.ascii	"Index\000"
 1117      7800
 1118              	.LASF26:
 1119 017c 474E5520 		.ascii	"GNU C 4.7.3 20130312 (release) [ARM/embedded-4_7-br"
 1119      4320342E 
 1119      372E3320 
 1119      32303133 
 1119      30333132 
 1120 01af 616E6368 		.ascii	"anch revision 196615]\000"
 1120      20726576 
 1120      6973696F 
 1120      6E203139 
 1120      36363135 
 1121              		.ident	"GCC: (GNU Tools for ARM Embedded Processors) 4.7.3 20130312 (release) [ARM/embedded-4_7-br
